<?xml version="1.0" encoding="UTF-8" ?>
<testsuite 
errors="0" failures="0" hostname="bc5" name="com.ibm.gpuenabler.CUDADSFunctionSuite" tests="30" time="36.897" timestamp="2018-07-23T02:51:10">
  <properties>
    <property name="java.runtime.name" value="OpenJDK Runtime Environment">
    </property>
    <property 
    name="sun.boot.library.path" value="/usr/lib/jvm/java-8-openjdk-amd64/jre/lib/amd64">
</property>
    <property name="java.vm.version" value="25.171-b11"> </property>
    <property name="java.vm.vendor" value="Oracle Corporation"> </property>
    <property name="java.vendor.url" value="http://java.oracle.com/">
    </property>
    <property name="path.separator" value=":"> </property>
    <property name="java.vm.name" value="OpenJDK 64-Bit Server VM"> </property>
    <property name="file.encoding.pkg" value="sun.io"> </property>
    <property name="user.country" value="US"> </property>
    <property name="sun.java.launcher" value="SUN_STANDARD"> </property>
    <property name="sun.os.patch.level" value="unknown"> </property>
    <property 
    name="java.vm.specification.name" value="Java Virtual Machine Specification">
</property>
    <property 
    name="user.dir" value="/home/dcslab/SparkGPU/GPUEnabler/gpu-enabler">
</property>
    <property 
    name="java.runtime.version" value="1.8.0_171-8u171-b11-0ubuntu0.16.04.1-b11">
</property>
    <property 
    name="java.awt.graphicsenv" value="sun.awt.X11GraphicsEnvironment">
</property>
    <property 
    name="basedir" value="/home/dcslab/SparkGPU/GPUEnabler/gpu-enabler">
</property>
    <property 
    name="java.endorsed.dirs" value="/usr/lib/jvm/java-8-openjdk-amd64/jre/lib/endorsed">
</property>
    <property name="os.arch" value="amd64"> </property>
    <property name="java.io.tmpdir" value="/tmp"> </property>
    <property name="line.separator" value=" "> </property>
    <property name="java.vm.specification.vendor" value="Oracle Corporation">
    </property>
    <property name="os.name" value="Linux"> </property>
    <property name="sun.jnu.encoding" value="ANSI_X3.4-1968"> </property>
    <property 
    name="java.library.path" value="/home/dcslab/SparkGPU/GPUEnabler/gpu-enabler/target/lib/">
</property>
    <property 
    name="java.specification.name" value="Java Platform API Specification">
</property>
    <property name="java.class.version" value="52.0"> </property>
    <property 
    name="sun.management.compiler" value="HotSpot 64-Bit Tiered Compilers">
</property>
    <property name="os.version" value="4.15.13"> </property>
    <property name="user.home" value="/home/dcslab"> </property>
    <property name="user.timezone" value=""> </property>
    <property name="java.awt.printerjob" value="sun.print.PSPrinterJob">
    </property>
    <property name="file.encoding" value="ANSI_X3.4-1968"> </property>
    <property name="java.specification.version" value="1.8"> </property>
    <property name="user.name" value="dcslab"> </property>
    <property 
    name="java.class.path" value="/home/dcslab/SparkGPU/GPUEnabler/gpu-enabler/target/scala-2.11/test-classes:/home/dcslab/SparkGPU/GPUEnabler/gpu-enabler/target/scala-2.11/classes:/home/dcslab/.m2/repository/org/jcuda/jcuda/0.8.0/jcuda-0.8.0.jar:/home/dcslab/.m2/repository/org/jcuda/jcuda-natives/0.8.0/jcuda-natives-0.8.0-linux-x86_64.jar:/home/dcslab/.m2/repository/org/scala-lang/scala-library/2.11.8/scala-library-2.11.8.jar:/home/dcslab/.m2/repository/com/google/guava/guava/14.0.1/guava-14.0.1.jar:/home/dcslab/.m2/repository/net/alchim31/maven/scala-maven-plugin/3.2.2/scala-maven-plugin-3.2.2.jar:/home/dcslab/.m2/repository/org/apache/maven/reporting/maven-reporting-api/3.0/maven-reporting-api-3.0.jar:/home/dcslab/.m2/repository/org/apache/maven/maven-core/3.0.4/maven-core-3.0.4.jar:/home/dcslab/.m2/repository/org/apache/maven/maven-settings/3.0.4/maven-settings-3.0.4.jar:/home/dcslab/.m2/repository/org/apache/maven/maven-settings-builder/3.0.4/maven-settings-builder-3.0.4.jar:/home/dcslab/.m2/repository/org/apache/maven/maven-repository-metadata/3.0.4/maven-repository-metadata-3.0.4.jar:/home/dcslab/.m2/repository/org/apache/maven/maven-plugin-api/3.0.4/maven-plugin-api-3.0.4.jar:/home/dcslab/.m2/repository/org/apache/maven/maven-model-builder/3.0.4/maven-model-builder-3.0.4.jar:/home/dcslab/.m2/repository/org/apache/maven/maven-aether-provider/3.0.4/maven-aether-provider-3.0.4.jar:/home/dcslab/.m2/repository/org/sonatype/aether/aether-spi/1.13.1/aether-spi-1.13.1.jar:/home/dcslab/.m2/repository/org/sonatype/aether/aether-impl/1.13.1/aether-impl-1.13.1.jar:/home/dcslab/.m2/repository/org/sonatype/aether/aether-api/1.13.1/aether-api-1.13.1.jar:/home/dcslab/.m2/repository/org/sonatype/aether/aether-util/1.13.1/aether-util-1.13.1.jar:/home/dcslab/.m2/repository/org/sonatype/sisu/sisu-inject-plexus/2.3.0/sisu-inject-plexus-2.3.0.jar:/home/dcslab/.m2/repository/org/sonatype/sisu/sisu-inject-bean/2.3.0/sisu-inject-bean-2.3.0.jar:/home/dcslab/.m2/repository/org/sonatype/sisu/sisu-guice/3.1.0/sisu-guice-3.1.0-no_aop.jar:/home/dcslab/.m2/repository/org/sonatype/sisu/sisu-guava/0.9.9/sisu-guava-0.9.9.jar:/home/dcslab/.m2/repository/org/codehaus/plexus/plexus-interpolation/1.14/plexus-interpolation-1.14.jar:/home/dcslab/.m2/repository/org/codehaus/plexus/plexus-component-annotations/1.5.5/plexus-component-annotations-1.5.5.jar:/home/dcslab/.m2/repository/org/sonatype/plexus/plexus-sec-dispatcher/1.3/plexus-sec-dispatcher-1.3.jar:/home/dcslab/.m2/repository/org/sonatype/plexus/plexus-cipher/1.4/plexus-cipher-1.4.jar:/home/dcslab/.m2/repository/org/apache/maven/shared/maven-dependency-tree/1.2/maven-dependency-tree-1.2.jar:/home/dcslab/.m2/repository/org/apache/commons/commons-exec/1.1/commons-exec-1.1.jar:/home/dcslab/.m2/repository/org/apache/maven/maven-artifact/2.2.1/maven-artifact-2.2.1.jar:/home/dcslab/.m2/repository/org/codehaus/plexus/plexus-utils/3.0/plexus-utils-3.0.jar:/home/dcslab/.m2/repository/org/codehaus/plexus/plexus-archiver/2.1/plexus-archiver-2.1.jar:/home/dcslab/.m2/repository/org/codehaus/plexus/plexus-container-default/1.0-alpha-9-stable-1/plexus-container-default-1.0-alpha-9-stable-1.jar:/home/dcslab/.m2/repository/classworlds/classworlds/1.1-alpha-2/classworlds-1.1-alpha-2.jar:/home/dcslab/.m2/repository/org/codehaus/plexus/plexus-io/2.0.2/plexus-io-2.0.2.jar:/home/dcslab/.m2/repository/org/codehaus/plexus/plexus-classworlds/2.4/plexus-classworlds-2.4.jar:/home/dcslab/.m2/repository/org/apache/maven/maven-project/2.0.8/maven-project-2.0.8.jar:/home/dcslab/.m2/repository/org/apache/maven/maven-profile/2.0.8/maven-profile-2.0.8.jar:/home/dcslab/.m2/repository/org/apache/maven/maven-artifact-manager/2.0.8/maven-artifact-manager-2.0.8.jar:/home/dcslab/.m2/repository/org/apache/maven/wagon/wagon-provider-api/1.0-beta-2/wagon-provider-api-1.0-beta-2.jar:/home/dcslab/.m2/repository/org/apache/maven/maven-plugin-registry/2.0.8/maven-plugin-registry-2.0.8.jar:/home/dcslab/.m2/repository/org/apache/maven/maven-archiver/2.5/maven-archiver-2.5.jar:/home/dcslab/.m2/repository/org/apache/maven/doxia/doxia-sink-api/1.1.2/doxia-sink-api-1.1.2.jar:/home/dcslab/.m2/repository/org/apache/maven/doxia/doxia-logging-api/1.1.2/doxia-logging-api-1.1.2.jar:/home/dcslab/.m2/repository/org/apache/maven/maven-model/3.0.4/maven-model-3.0.4.jar:/home/dcslab/.m2/repository/org/apache/maven/shared/maven-invoker/2.0.11/maven-invoker-2.0.11.jar:/home/dcslab/.m2/repository/com/typesafe/zinc/zinc/0.3.5/zinc-0.3.5.jar:/home/dcslab/.m2/repository/com/typesafe/sbt/incremental-compiler/0.13.5/incremental-compiler-0.13.5.jar:/home/dcslab/.m2/repository/org/scala-lang/scala-compiler/2.10.3/scala-compiler-2.10.3.jar:/home/dcslab/.m2/repository/com/typesafe/sbt/sbt-interface/0.13.5/sbt-interface-0.13.5.jar:/home/dcslab/.m2/repository/com/typesafe/sbt/compiler-interface/0.13.5/compiler-interface-0.13.5-sources.jar:/home/dcslab/.m2/repository/junit/junit/4.11/junit-4.11.jar:/home/dcslab/.m2/repository/org/hamcrest/hamcrest-core/1.3/hamcrest-core-1.3.jar:/home/dcslab/.m2/repository/com/novocode/junit-interface/0.11/junit-interface-0.11.jar:/home/dcslab/.m2/repository/org/scala-sbt/test-interface/1.0/test-interface-1.0.jar:/home/dcslab/.m2/repository/org/apache/spark/spark-core_2.11/2.1.0/spark-core_2.11-2.1.0.jar:/home/dcslab/.m2/repository/org/apache/avro/avro-mapred/1.7.7/avro-mapred-1.7.7-hadoop2.jar:/home/dcslab/.m2/repository/org/apache/avro/avro-ipc/1.7.7/avro-ipc-1.7.7.jar:/home/dcslab/.m2/repository/org/apache/avro/avro/1.7.7/avro-1.7.7.jar:/home/dcslab/.m2/repository/org/apache/avro/avro-ipc/1.7.7/avro-ipc-1.7.7-tests.jar:/home/dcslab/.m2/repository/org/codehaus/jackson/jackson-core-asl/1.9.13/jackson-core-asl-1.9.13.jar:/home/dcslab/.m2/repository/org/codehaus/jackson/jackson-mapper-asl/1.9.13/jackson-mapper-asl-1.9.13.jar:/home/dcslab/.m2/repository/com/twitter/chill_2.11/0.8.0/chill_2.11-0.8.0.jar:/home/dcslab/.m2/repository/com/esotericsoftware/kryo-shaded/3.0.3/kryo-shaded-3.0.3.jar:/home/dcslab/.m2/repository/com/esotericsoftware/minlog/1.3.0/minlog-1.3.0.jar:/home/dcslab/.m2/repository/org/objenesis/objenesis/2.1/objenesis-2.1.jar:/home/dcslab/.m2/repository/com/twitter/chill-java/0.8.0/chill-java-0.8.0.jar:/home/dcslab/.m2/repository/org/apache/xbean/xbean-asm5-shaded/4.4/xbean-asm5-shaded-4.4.jar:/home/dcslab/.m2/repository/org/apache/hadoop/hadoop-client/2.2.0/hadoop-client-2.2.0.jar:/home/dcslab/.m2/repository/org/apache/hadoop/hadoop-common/2.2.0/hadoop-common-2.2.0.jar:/home/dcslab/.m2/repository/commons-cli/commons-cli/1.2/commons-cli-1.2.jar:/home/dcslab/.m2/repository/org/apache/commons/commons-math/2.1/commons-math-2.1.jar:/home/dcslab/.m2/repository/xmlenc/xmlenc/0.52/xmlenc-0.52.jar:/home/dcslab/.m2/repository/commons-io/commons-io/2.1/commons-io-2.1.jar:/home/dcslab/.m2/repository/commons-lang/commons-lang/2.5/commons-lang-2.5.jar:/home/dcslab/.m2/repository/commons-configuration/commons-configuration/1.6/commons-configuration-1.6.jar:/home/dcslab/.m2/repository/commons-collections/commons-collections/3.2.1/commons-collections-3.2.1.jar:/home/dcslab/.m2/repository/commons-digester/commons-digester/1.8/commons-digester-1.8.jar:/home/dcslab/.m2/repository/commons-beanutils/commons-beanutils/1.7.0/commons-beanutils-1.7.0.jar:/home/dcslab/.m2/repository/commons-beanutils/commons-beanutils-core/1.8.0/commons-beanutils-core-1.8.0.jar:/home/dcslab/.m2/repository/com/google/protobuf/protobuf-java/2.5.0/protobuf-java-2.5.0.jar:/home/dcslab/.m2/repository/org/apache/hadoop/hadoop-auth/2.2.0/hadoop-auth-2.2.0.jar:/home/dcslab/.m2/repository/org/apache/commons/commons-compress/1.4.1/commons-compress-1.4.1.jar:/home/dcslab/.m2/repository/org/tukaani/xz/1.0/xz-1.0.jar:/home/dcslab/.m2/repository/org/apache/hadoop/hadoop-hdfs/2.2.0/hadoop-hdfs-2.2.0.jar:/home/dcslab/.m2/repository/org/mortbay/jetty/jetty-util/6.1.26/jetty-util-6.1.26.jar:/home/dcslab/.m2/repository/org/apache/hadoop/hadoop-mapreduce-client-app/2.2.0/hadoop-mapreduce-client-app-2.2.0.jar:/home/dcslab/.m2/repository/org/apache/hadoop/hadoop-mapreduce-client-common/2.2.0/hadoop-mapreduce-client-common-2.2.0.jar:/home/dcslab/.m2/repository/org/apache/hadoop/hadoop-yarn-client/2.2.0/hadoop-yarn-client-2.2.0.jar:/home/dcslab/.m2/repository/com/google/inject/guice/3.0/guice-3.0.jar:/home/dcslab/.m2/repository/javax/inject/javax.inject/1/javax.inject-1.jar:/home/dcslab/.m2/repository/aopalliance/aopalliance/1.0/aopalliance-1.0.jar:/home/dcslab/.m2/repository/org/apache/hadoop/hadoop-yarn-server-common/2.2.0/hadoop-yarn-server-common-2.2.0.jar:/home/dcslab/.m2/repository/org/apache/hadoop/hadoop-mapreduce-client-shuffle/2.2.0/hadoop-mapreduce-client-shuffle-2.2.0.jar:/home/dcslab/.m2/repository/org/apache/hadoop/hadoop-yarn-api/2.2.0/hadoop-yarn-api-2.2.0.jar:/home/dcslab/.m2/repository/org/apache/hadoop/hadoop-mapreduce-client-core/2.2.0/hadoop-mapreduce-client-core-2.2.0.jar:/home/dcslab/.m2/repository/org/apache/hadoop/hadoop-yarn-common/2.2.0/hadoop-yarn-common-2.2.0.jar:/home/dcslab/.m2/repository/org/apache/hadoop/hadoop-mapreduce-client-jobclient/2.2.0/hadoop-mapreduce-client-jobclient-2.2.0.jar:/home/dcslab/.m2/repository/org/apache/hadoop/hadoop-annotations/2.2.0/hadoop-annotations-2.2.0.jar:/home/dcslab/.m2/repository/org/apache/spark/spark-launcher_2.11/2.1.0/spark-launcher_2.11-2.1.0.jar:/home/dcslab/.m2/repository/org/apache/spark/spark-network-common_2.11/2.1.0/spark-network-common_2.11-2.1.0.jar:/home/dcslab/.m2/repository/org/fusesource/leveldbjni/leveldbjni-all/1.8/leveldbjni-all-1.8.jar:/home/dcslab/.m2/repository/com/fasterxml/jackson/core/jackson-annotations/2.6.5/jackson-annotations-2.6.5.jar:/home/dcslab/.m2/repository/org/apache/spark/spark-network-shuffle_2.11/2.1.0/spark-network-shuffle_2.11-2.1.0.jar:/home/dcslab/.m2/repository/org/apache/spark/spark-unsafe_2.11/2.1.0/spark-unsafe_2.11-2.1.0.jar:/home/dcslab/.m2/repository/net/java/dev/jets3t/jets3t/0.7.1/jets3t-0.7.1.jar:/home/dcslab/.m2/repository/commons-httpclient/commons-httpclient/3.1/commons-httpclient-3.1.jar:/home/dcslab/.m2/repository/org/apache/curator/curator-recipes/2.4.0/curator-recipes-2.4.0.jar:/home/dcslab/.m2/repository/org/apache/curator/curator-framework/2.4.0/curator-framework-2.4.0.jar:/home/dcslab/.m2/repository/org/apache/curator/curator-client/2.4.0/curator-client-2.4.0.jar:/home/dcslab/.m2/repository/org/apache/zookeeper/zookeeper/3.4.5/zookeeper-3.4.5.jar:/home/dcslab/.m2/repository/javax/servlet/javax.servlet-api/3.1.0/javax.servlet-api-3.1.0.jar:/home/dcslab/.m2/repository/org/apache/commons/commons-lang3/3.5/commons-lang3-3.5.jar:/home/dcslab/.m2/repository/org/apache/commons/commons-math3/3.4.1/commons-math3-3.4.1.jar:/home/dcslab/.m2/repository/com/google/code/findbugs/jsr305/1.3.9/jsr305-1.3.9.jar:/home/dcslab/.m2/repository/org/slf4j/slf4j-api/1.7.16/slf4j-api-1.7.16.jar:/home/dcslab/.m2/repository/org/slf4j/jul-to-slf4j/1.7.16/jul-to-slf4j-1.7.16.jar:/home/dcslab/.m2/repository/org/slf4j/jcl-over-slf4j/1.7.16/jcl-over-slf4j-1.7.16.jar:/home/dcslab/.m2/repository/log4j/log4j/1.2.17/log4j-1.2.17.jar:/home/dcslab/.m2/repository/org/slf4j/slf4j-log4j12/1.7.16/slf4j-log4j12-1.7.16.jar:/home/dcslab/.m2/repository/com/ning/compress-lzf/1.0.3/compress-lzf-1.0.3.jar:/home/dcslab/.m2/repository/org/xerial/snappy/snappy-java/1.1.2.6/snappy-java-1.1.2.6.jar:/home/dcslab/.m2/repository/net/jpountz/lz4/lz4/1.3.0/lz4-1.3.0.jar:/home/dcslab/.m2/repository/org/roaringbitmap/RoaringBitmap/0.5.11/RoaringBitmap-0.5.11.jar:/home/dcslab/.m2/repository/commons-net/commons-net/2.2/commons-net-2.2.jar:/home/dcslab/.m2/repository/org/json4s/json4s-jackson_2.11/3.2.11/json4s-jackson_2.11-3.2.11.jar:/home/dcslab/.m2/repository/org/json4s/json4s-core_2.11/3.2.11/json4s-core_2.11-3.2.11.jar:/home/dcslab/.m2/repository/org/json4s/json4s-ast_2.11/3.2.11/json4s-ast_2.11-3.2.11.jar:/home/dcslab/.m2/repository/com/thoughtworks/paranamer/paranamer/2.6/paranamer-2.6.jar:/home/dcslab/.m2/repository/org/glassfish/jersey/core/jersey-client/2.22.2/jersey-client-2.22.2.jar:/home/dcslab/.m2/repository/javax/ws/rs/javax.ws.rs-api/2.0.1/javax.ws.rs-api-2.0.1.jar:/home/dcslab/.m2/repository/org/glassfish/hk2/hk2-api/2.4.0-b34/hk2-api-2.4.0-b34.jar:/home/dcslab/.m2/repository/org/glassfish/hk2/hk2-utils/2.4.0-b34/hk2-utils-2.4.0-b34.jar:/home/dcslab/.m2/repository/org/glassfish/hk2/external/aopalliance-repackaged/2.4.0-b34/aopalliance-repackaged-2.4.0-b34.jar:/home/dcslab/.m2/repository/org/glassfish/hk2/external/javax.inject/2.4.0-b34/javax.inject-2.4.0-b34.jar:/home/dcslab/.m2/repository/org/glassfish/hk2/hk2-locator/2.4.0-b34/hk2-locator-2.4.0-b34.jar:/home/dcslab/.m2/repository/org/javassist/javassist/3.18.1-GA/javassist-3.18.1-GA.jar:/home/dcslab/.m2/repository/org/glassfish/jersey/core/jersey-common/2.22.2/jersey-common-2.22.2.jar:/home/dcslab/.m2/repository/javax/annotation/javax.annotation-api/1.2/javax.annotation-api-1.2.jar:/home/dcslab/.m2/repository/org/glassfish/jersey/bundles/repackaged/jersey-guava/2.22.2/jersey-guava-2.22.2.jar:/home/dcslab/.m2/repository/org/glassfish/hk2/osgi-resource-locator/1.0.1/osgi-resource-locator-1.0.1.jar:/home/dcslab/.m2/repository/org/glassfish/jersey/core/jersey-server/2.22.2/jersey-server-2.22.2.jar:/home/dcslab/.m2/repository/org/glassfish/jersey/media/jersey-media-jaxb/2.22.2/jersey-media-jaxb-2.22.2.jar:/home/dcslab/.m2/repository/javax/validation/validation-api/1.1.0.Final/validation-api-1.1.0.Final.jar:/home/dcslab/.m2/repository/org/glassfish/jersey/containers/jersey-container-servlet/2.22.2/jersey-container-servlet-2.22.2.jar:/home/dcslab/.m2/repository/org/glassfish/jersey/containers/jersey-container-servlet-core/2.22.2/jersey-container-servlet-core-2.22.2.jar:/home/dcslab/.m2/repository/io/netty/netty-all/4.0.42.Final/netty-all-4.0.42.Final.jar:/home/dcslab/.m2/repository/io/netty/netty/3.8.0.Final/netty-3.8.0.Final.jar:/home/dcslab/.m2/repository/com/clearspring/analytics/stream/2.7.0/stream-2.7.0.jar:/home/dcslab/.m2/repository/io/dropwizard/metrics/metrics-core/3.1.2/metrics-core-3.1.2.jar:/home/dcslab/.m2/repository/io/dropwizard/metrics/metrics-jvm/3.1.2/metrics-jvm-3.1.2.jar:/home/dcslab/.m2/repository/io/dropwizard/metrics/metrics-json/3.1.2/metrics-json-3.1.2.jar:/home/dcslab/.m2/repository/io/dropwizard/metrics/metrics-graphite/3.1.2/metrics-graphite-3.1.2.jar:/home/dcslab/.m2/repository/com/fasterxml/jackson/core/jackson-databind/2.6.5/jackson-databind-2.6.5.jar:/home/dcslab/.m2/repository/com/fasterxml/jackson/core/jackson-core/2.6.5/jackson-core-2.6.5.jar:/home/dcslab/.m2/repository/com/fasterxml/jackson/module/jackson-module-scala_2.11/2.6.5/jackson-module-scala_2.11-2.6.5.jar:/home/dcslab/.m2/repository/com/fasterxml/jackson/module/jackson-module-paranamer/2.6.5/jackson-module-paranamer-2.6.5.jar:/home/dcslab/.m2/repository/org/apache/ivy/ivy/2.4.0/ivy-2.4.0.jar:/home/dcslab/.m2/repository/oro/oro/2.0.8/oro-2.0.8.jar:/home/dcslab/.m2/repository/net/razorvine/pyrolite/4.13/pyrolite-4.13.jar:/home/dcslab/.m2/repository/net/sf/py4j/py4j/0.10.4/py4j-0.10.4.jar:/home/dcslab/.m2/repository/org/apache/spark/spark-tags_2.11/2.1.0/spark-tags_2.11-2.1.0.jar:/home/dcslab/.m2/repository/org/apache/commons/commons-crypto/1.0.0/commons-crypto-1.0.0.jar:/home/dcslab/.m2/repository/org/spark-project/spark/unused/1.0.0/unused-1.0.0.jar:/home/dcslab/.m2/repository/org/apache/spark/spark-sql_2.11/2.1.0/spark-sql_2.11-2.1.0.jar:/home/dcslab/.m2/repository/com/univocity/univocity-parsers/2.2.1/univocity-parsers-2.2.1.jar:/home/dcslab/.m2/repository/org/apache/spark/spark-sketch_2.11/2.1.0/spark-sketch_2.11-2.1.0.jar:/home/dcslab/.m2/repository/org/apache/parquet/parquet-column/1.8.1/parquet-column-1.8.1.jar:/home/dcslab/.m2/repository/org/apache/parquet/parquet-common/1.8.1/parquet-common-1.8.1.jar:/home/dcslab/.m2/repository/org/apache/parquet/parquet-encoding/1.8.1/parquet-encoding-1.8.1.jar:/home/dcslab/.m2/repository/org/apache/parquet/parquet-hadoop/1.8.1/parquet-hadoop-1.8.1.jar:/home/dcslab/.m2/repository/org/apache/parquet/parquet-format/2.3.0-incubating/parquet-format-2.3.0-incubating.jar:/home/dcslab/.m2/repository/org/apache/parquet/parquet-jackson/1.8.1/parquet-jackson-1.8.1.jar:/home/dcslab/.m2/repository/org/apache/spark/spark-catalyst_2.11/2.1.0/spark-catalyst_2.11-2.1.0.jar:/home/dcslab/.m2/repository/org/scala-lang/scala-reflect/2.11.8/scala-reflect-2.11.8.jar:/home/dcslab/.m2/repository/org/codehaus/janino/janino/3.0.0/janino-3.0.0.jar:/home/dcslab/.m2/repository/org/codehaus/janino/commons-compiler/3.0.0/commons-compiler-3.0.0.jar:/home/dcslab/.m2/repository/org/antlr/antlr4-runtime/4.5.3/antlr4-runtime-4.5.3.jar:/home/dcslab/.m2/repository/commons-codec/commons-codec/1.10/commons-codec-1.10.jar:/home/dcslab/.m2/repository/org/scala-lang/scala-xml/2.11.0-M4/scala-xml-2.11.0-M4.jar:/home/dcslab/.m2/repository/org/jcuda/jcublas/0.8.0/jcublas-0.8.0.jar:/home/dcslab/.m2/repository/org/jcuda/jcublas-natives/0.8.0/jcublas-natives-0.8.0-linux-x86_64.jar:/home/dcslab/.m2/repository/org/jcuda/jcufft/0.8.0/jcufft-0.8.0.jar:/home/dcslab/.m2/repository/org/jcuda/jcufft-natives/0.8.0/jcufft-natives-0.8.0-linux-x86_64.jar:/home/dcslab/.m2/repository/org/jcuda/jcusparse/0.8.0/jcusparse-0.8.0.jar:/home/dcslab/.m2/repository/org/jcuda/jcusparse-natives/0.8.0/jcusparse-natives-0.8.0-linux-x86_64.jar:/home/dcslab/.m2/repository/org/jcuda/jcusolver/0.8.0/jcusolver-0.8.0.jar:/home/dcslab/.m2/repository/org/jcuda/jcusolver-natives/0.8.0/jcusolver-natives-0.8.0-linux-x86_64.jar:/home/dcslab/.m2/repository/org/jcuda/jcurand/0.8.0/jcurand-0.8.0.jar:/home/dcslab/.m2/repository/org/jcuda/jcurand-natives/0.8.0/jcurand-natives-0.8.0-linux-x86_64.jar:/home/dcslab/.m2/repository/org/jcuda/jnvgraph/0.8.0/jnvgraph-0.8.0.jar:/home/dcslab/.m2/repository/org/jcuda/jnvgraph-natives/0.8.0/jnvgraph-natives-0.8.0-linux-x86_64.jar:/home/dcslab/.m2/repository/org/jcuda/jcudnn/0.8.0/jcudnn-0.8.0.jar:/home/dcslab/.m2/repository/org/jcuda/jcudnn-natives/0.8.0/jcudnn-natives-0.8.0-linux-x86_64.jar:/home/dcslab/.m2/repository/org/scalatest/scalatest_2.11/2.2.6/scalatest_2.11-2.2.6.jar">
</property>
    <property name="java.vm.specification.version" value="1.8"> </property>
    <property name="sun.arch.data.model" value="64"> </property>
    <property name="java.home" value="/usr/lib/jvm/java-8-openjdk-amd64/jre">
    </property>
    <property 
    name="sun.java.command" value="org.scalatest.tools.Runner -R /home/dcslab/SparkGPU/GPUEnabler/gpu-enabler/target/scala-2.11/classes /home/dcslab/SparkGPU/GPUEnabler/gpu-enabler/target/scala-2.11/test-classes -o -fWDF /home/dcslab/SparkGPU/GPUEnabler/gpu-enabler/target/surefire-reports/TestSuite.txt -u /home/dcslab/SparkGPU/GPUEnabler/gpu-enabler/target/surefire-reports/.">
</property>
    <property name="java.specification.vendor" value="Oracle Corporation">
    </property>
    <property name="user.language" value="en"> </property>
    <property name="awt.toolkit" value="sun.awt.X11.XToolkit"> </property>
    <property name="java.vm.info" value="mixed mode"> </property>
    <property name="java.version" value="1.8.0_171"> </property>
    <property 
    name="java.ext.dirs" value="/usr/lib/jvm/java-8-openjdk-amd64/jre/lib/ext:/usr/java/packages/lib/ext">
</property>
    <property 
    name="sun.boot.class.path" value="/usr/lib/jvm/java-8-openjdk-amd64/jre/lib/resources.jar:/usr/lib/jvm/java-8-openjdk-amd64/jre/lib/rt.jar:/usr/lib/jvm/java-8-openjdk-amd64/jre/lib/sunrsasign.jar:/usr/lib/jvm/java-8-openjdk-amd64/jre/lib/jsse.jar:/usr/lib/jvm/java-8-openjdk-amd64/jre/lib/jce.jar:/usr/lib/jvm/java-8-openjdk-amd64/jre/lib/charsets.jar:/usr/lib/jvm/java-8-openjdk-amd64/jre/lib/jfr.jar:/usr/lib/jvm/java-8-openjdk-amd64/jre/classes">
</property>
    <property name="java.vendor" value="Oracle Corporation"> </property>
    <property name="file.separator" value="/"> </property>
    <property 
    name="java.vendor.url.bug" value="http://bugreport.sun.com/bugreport/">
</property>
    <property name="sun.cpu.endian" value="little"> </property>
    <property name="sun.io.unicode.encoding" value="UnicodeLittle"> </property>
    <property name="sun.cpu.isalist" value=""> </property>
  </properties>
  <testcase 
  name="Ensure CUDA Function is serializable" classname="com.ibm.gpuenabler.CUDADSFunctionSuite" time="1.497">
</testcase>
  <testcase 
  name="Run count()" classname="com.ibm.gpuenabler.CUDADSFunctionSuite" time="6.615">
</testcase>
  <testcase 
  name="Run identity CUDA kernel on a single primitive array column" classname="com.ibm.gpuenabler.CUDADSFunctionSuite" time="0.449">
</testcase>
  <testcase 
  name="Run identity CUDA kernel on a single primitive array in a structure" classname="com.ibm.gpuenabler.CUDADSFunctionSuite" time="0.818">
</testcase>
  <testcase 
  name="Run add CUDA kernel with free variables on a single primitive array column" classname="com.ibm.gpuenabler.CUDADSFunctionSuite" time="0.648">
</testcase>
  <testcase 
  name="Run vectorLength CUDA kernel on 2 col -&gt; 1 col" classname="com.ibm.gpuenabler.CUDADSFunctionSuite" time="0.937">
</testcase>
  <testcase 
  name="Run plusMinus CUDA kernel on 2 col -&gt; 2 col" classname="com.ibm.gpuenabler.CUDADSFunctionSuite" time="0.921">
</testcase>
  <testcase 
  name="Run applyLinearFunction CUDA kernel on 1 col + 2 const arg -&gt; 1 col" classname="com.ibm.gpuenabler.CUDADSFunctionSuite" time="0.591">
</testcase>
  <testcase 
  name="Run blockXOR CUDA kernel on 1 col + 1 const arg -&gt; 1 col on custom dimensions" classname="com.ibm.gpuenabler.CUDADSFunctionSuite" time="0.539">
</testcase>
  <testcase 
  name="Run sum CUDA kernel on 1 col -&gt; 1 col in 2 stages" classname="com.ibm.gpuenabler.CUDADSFunctionSuite" time="0.587">
</testcase>
  <testcase 
  name="Run map on datasets - single partition" classname="com.ibm.gpuenabler.CUDADSFunctionSuite" time="0.604">
</testcase>
  <testcase 
  name="Run reduce on datasets - single partition" classname="com.ibm.gpuenabler.CUDADSFunctionSuite" time="0.568">
</testcase>
  <testcase 
  name="Run map + reduce on datasets - single partition" classname="com.ibm.gpuenabler.CUDADSFunctionSuite" time="0.603">
</testcase>
  <testcase 
  name="Run map on datasets with 100,000 elements - multiple partition" classname="com.ibm.gpuenabler.CUDADSFunctionSuite" time="0.808">
</testcase>
  <testcase 
  name="Run map + reduce on datasets - multiple partitions" classname="com.ibm.gpuenabler.CUDADSFunctionSuite" time="0.637">
</testcase>
  <testcase 
  name="Run map + reduce on datasets with 100,000,000 elements - multiple partitions" classname="com.ibm.gpuenabler.CUDADSFunctionSuite" time="8.904">
</testcase>
  <testcase 
  name="Run map + map + reduce on datasets - multiple partitions" classname="com.ibm.gpuenabler.CUDADSFunctionSuite" time="0.576">
</testcase>
  <testcase 
  name="Run map + map + map + collect on datasets" classname="com.ibm.gpuenabler.CUDADSFunctionSuite" time="0.672">
</testcase>
  <testcase 
  name="Run map + map + map + reduce on datasets - multiple partitions" classname="com.ibm.gpuenabler.CUDADSFunctionSuite" time="0.694">
</testcase>
  <testcase 
  name="Run map on dataset with a single primitive array column" classname="com.ibm.gpuenabler.CUDADSFunctionSuite" time="0.546">
</testcase>
  <testcase 
  name="Run map with free variables on dataset with a single primitive array column" classname="com.ibm.gpuenabler.CUDADSFunctionSuite" time="0.57">
</testcase>
  <testcase 
  name="Run reduce on dataset with a single primitive array column" classname="com.ibm.gpuenabler.CUDADSFunctionSuite" time="0.575">
</testcase>
  <testcase 
  name="Run map &amp; reduce on a single primitive array in a structure" classname="com.ibm.gpuenabler.CUDADSFunctionSuite" time="0.753">
</testcase>
  <testcase 
  name="Run logistic regression" classname="com.ibm.gpuenabler.CUDADSFunctionSuite" time="1.784">
</testcase>
  <testcase 
  name="Run map with Self on Dataset" classname="com.ibm.gpuenabler.CUDADSFunctionSuite" time="0.585">
</testcase>
  <testcase 
  name="CUDA GPU Cache Testcase" classname="com.ibm.gpuenabler.CUDADSFunctionSuite" time="1.121">
</testcase>
  <testcase 
  name="CUDA GPU loadGpu Testcase" classname="com.ibm.gpuenabler.CUDADSFunctionSuite" time="1.055">
</testcase>
  <testcase 
  name="Run map + map + map + reduce on datasets - Cached multiple partitions" classname="com.ibm.gpuenabler.CUDADSFunctionSuite" time="0.711">
</testcase>
  <testcase 
  name="Run map + map + map + reduce on dataset - Cached multiple partitions - GPU Only" classname="com.ibm.gpuenabler.CUDADSFunctionSuite" time="0.746">
</testcase>
  <testcase 
  name="Run matix multiplication" classname="com.ibm.gpuenabler.CUDADSFunctionSuite" time="0.738">
</testcase>
  <system-out><![CDATA[]]></system-out>
  <system-err><![CDATA[]]></system-err>
</testsuite>
